#
# There is insufficient memory for the Java Runtime Environment to continue.
# Native memory allocation (malloc) failed to allocate 262544 bytes for Chunk::new
# Possible reasons:
#   The system is out of physical RAM or swap space
#   In 32 bit mode, the process size limit was hit
# Possible solutions:
#   Reduce memory load on the system
#   Increase physical memory or swap space
#   Check if swap backing store is full
#   Use 64 bit Java on a 64 bit OS
#   Decrease Java heap size (-Xmx/-Xms)
#   Decrease number of Java threads
#   Decrease Java thread stack sizes (-Xss)
#   Set larger code cache with -XX:ReservedCodeCacheSize=
# This output file may be truncated or incomplete.
#
#  Out of Memory Error (allocation.cpp:390), pid=13436, tid=13980
#
# JRE version: Java(TM) SE Runtime Environment (8.0_65-b17) (build 1.8.0_65-b17)
# Java VM: Java HotSpot(TM) 64-Bit Server VM (25.65-b01 mixed mode windows-amd64 compressed oops)
# Failed to write core dump. Minidumps are not enabled by default on client versions of Windows
#

---------------  T H R E A D  ---------------

Current thread (0x00000000568dd000):  JavaThread "C2 CompilerThread1" daemon [_thread_in_native, id=13980, stack(0x0000000055e90000,0x0000000055f90000)]

Stack: [0x0000000055e90000,0x0000000055f90000]
[error occurred during error reporting (printing stack bounds), id 0xc0000005]

Native frames: (J=compiled Java code, j=interpreted, Vv=VM code, C=native code)


Current CompileTask:
C2:  22837 1951       4       com.android.dx.dex.code.OutputFinisher::addConstants (93 bytes)


---------------  P R O C E S S  ---------------

Java Threads: ( => current thread )
  0x00000000568e1800 JavaThread "Service Thread" daemon [_thread_blocked, id=14056, stack(0x0000000056460000,0x0000000056560000)]
  0x00000000568de000 JavaThread "C1 CompilerThread2" daemon [_thread_blocked, id=13984, stack(0x0000000056cf0000,0x0000000056df0000)]
=>0x00000000568dd000 JavaThread "C2 CompilerThread1" daemon [_thread_in_native, id=13980, stack(0x0000000055e90000,0x0000000055f90000)]
  0x0000000054f35000 JavaThread "C2 CompilerThread0" daemon [_thread_in_native, id=13948, stack(0x0000000056790000,0x0000000056890000)]
  0x0000000054f31000 JavaThread "Attach Listener" daemon [_thread_blocked, id=13936, stack(0x0000000056590000,0x0000000056690000)]
  0x0000000054f2f800 JavaThread "Signal Dispatcher" daemon [_thread_blocked, id=13928, stack(0x0000000056350000,0x0000000056450000)]
  0x0000000054ed0800 JavaThread "Finalizer" daemon [_thread_blocked, id=13876, stack(0x0000000056150000,0x0000000056250000)]
  0x0000000054ecf000 JavaThread "Reference Handler" daemon [_thread_blocked, id=13864, stack(0x0000000055fa0000,0x00000000560a0000)]
  0x000000000019e000 JavaThread "main" [_thread_in_Java, id=13748, stack(0x00000000020d0000,0x00000000021d0000)]

Other Threads:
  0x0000000054ecb800 VMThread [stack: 0x0000000055d70000,0x0000000055e70000] [id=13852]
  0x0000000056906000 WatcherThread [stack: 0x0000000056e40000,0x0000000056f40000] [id=14100]

VM state:not at safepoint (normal execution)

VM Mutex/Monitor currently owned by a thread: None

Heap:
 PSYoungGen      total 71680K, used 29701K [0x00000000eab00000, 0x00000000f3700000, 0x0000000100000000)
  eden space 66560K, 36% used [0x00000000eab00000,0x00000000ec304320,0x00000000eec00000)
  from space 5120K, 99% used [0x00000000eec00000,0x00000000ef0fd280,0x00000000ef100000)
  to   space 5120K, 0% used [0x00000000f3200000,0x00000000f3200000,0x00000000f3700000)
 ParOldGen       total 87552K, used 14177K [0x00000000c0000000, 0x00000000c5580000, 0x00000000eab00000)
  object space 87552K, 16% used [0x00000000c0000000,0x00000000c0dd8400,0x00000000c5580000)
 Metaspace       used 6301K, capacity 7192K, committed 7424K, reserved 1056768K
  class space    used 617K, capacity 656K, committed 768K, reserved 1048576K

Card table byte_map: [0x0000000011860000,0x0000000011a70000] byte_map_base: 0x0000000011260000

Marking Bits: (ParMarkBitMap*) 0x00000000700da5b0
 Begin Bits: [0x0000000012340000, 0x0000000013340000)
 End Bits:   [0x0000000013340000, 0x0000000014340000)

Polling page: 0x0000000000140000

CodeCache: size=245760Kb used=9406Kb max_used=9406Kb free=236353Kb
 bounds [0x00000000024a0000, 0x0000000002de0000, 0x00000000114a0000]
 total_blobs=2229 nmethods=1966 adapters=176
 compilation: enabled

Compilation events (10 events):
Event: 22.829 Thread 0x00000000568de000 nmethod 1984 0x0000000002dcf790 code [0x0000000002dcf960, 0x0000000002dd0578]
Event: 22.829 Thread 0x00000000568de000 1985       3       com.android.dx.dex.file.MemberIdItem::addContents (26 bytes)
Event: 22.830 Thread 0x00000000568de000 nmethod 1985 0x0000000002dd09d0 code [0x0000000002dd0ba0, 0x0000000002dd15a8]
Event: 22.830 Thread 0x00000000568de000 1987       2       com.android.dx.dex.file.StringIdItem::<init> (29 bytes)
Event: 22.830 Thread 0x00000000568de000 nmethod 1987 0x0000000002dd1a10 code [0x0000000002dd1b80, 0x0000000002dd1da8]
Event: 22.830 Thread 0x00000000568de000 1986  s    3       com.android.dx.dex.file.ProtoIdsSection::intern (55 bytes)
Event: 22.831 Thread 0x00000000568de000 nmethod 1986 0x0000000002dd1e90 code [0x0000000002dd2080, 0x0000000002dd2968]
Event: 22.831 Thread 0x00000000568de000 1989       3       com.android.dx.dex.file.TypeListItem::<init> (21 bytes)
Event: 22.831 Thread 0x00000000568de000 nmethod 1989 0x0000000002dd2d10 code [0x0000000002dd2e80, 0x0000000002dd30f8]
Event: 22.831 Thread 0x00000000568de000 1991       3       com.android.dx.dex.file.ProtoIdItem::makeShortForm (74 bytes)

GC Heap History (6 events):
Event: 8.985 GC heap before
{Heap before GC invocations=1 (full 0):
 PSYoungGen      total 38400K, used 33280K [0x00000000eab00000, 0x00000000ed580000, 0x0000000100000000)
  eden space 33280K, 100% used [0x00000000eab00000,0x00000000ecb80000,0x00000000ecb80000)
  from space 5120K, 0% used [0x00000000ed080000,0x00000000ed080000,0x00000000ed580000)
  to   space 5120K, 0% used [0x00000000ecb80000,0x00000000ecb80000,0x00000000ed080000)
 ParOldGen       total 87552K, used 0K [0x00000000c0000000, 0x00000000c5580000, 0x00000000eab00000)
  object space 87552K, 0% used [0x00000000c0000000,0x00000000c0000000,0x00000000c5580000)
 Metaspace       used 5901K, capacity 6960K, committed 7040K, reserved 1056768K
  class space    used 590K, capacity 616K, committed 640K, reserved 1048576K
Event: 9.729 GC heap after
Heap after GC invocations=1 (full 0):
 PSYoungGen      total 38400K, used 5109K [0x00000000eab00000, 0x00000000ef600000, 0x0000000100000000)
  eden space 33280K, 0% used [0x00000000eab00000,0x00000000eab00000,0x00000000ecb80000)
  from space 5120K, 99% used [0x00000000ecb80000,0x00000000ed07d6f8,0x00000000ed080000)
  to   space 5120K, 0% used [0x00000000ef100000,0x00000000ef100000,0x00000000ef600000)
 ParOldGen       total 87552K, used 1328K [0x00000000c0000000, 0x00000000c5580000, 0x00000000eab00000)
  object space 87552K, 1% used [0x00000000c0000000,0x00000000c014c2c8,0x00000000c5580000)
 Metaspace       used 5901K, capacity 6960K, committed 7040K, reserved 1056768K
  class space    used 590K, capacity 616K, committed 640K, reserved 1048576K
}
Event: 12.850 GC heap before
{Heap before GC invocations=2 (full 0):
 PSYoungGen      total 38400K, used 38389K [0x00000000eab00000, 0x00000000ef600000, 0x0000000100000000)
  eden space 33280K, 100% used [0x00000000eab00000,0x00000000ecb80000,0x00000000ecb80000)
  from space 5120K, 99% used [0x00000000ecb80000,0x00000000ed07d6f8,0x00000000ed080000)
  to   space 5120K, 0% used [0x00000000ef100000,0x00000000ef100000,0x00000000ef600000)
 ParOldGen       total 87552K, used 1328K [0x00000000c0000000, 0x00000000c5580000, 0x00000000eab00000)
  object space 87552K, 1% used [0x00000000c0000000,0x00000000c014c2c8,0x00000000c5580000)
 Metaspace       used 6128K, capacity 7096K, committed 7296K, reserved 1056768K
  class space    used 610K, capacity 624K, committed 640K, reserved 1048576K
Event: 12.954 GC heap after
Heap after GC invocations=2 (full 0):
 PSYoungGen      total 71680K, used 5107K [0x00000000eab00000, 0x00000000ef600000, 0x0000000100000000)
  eden space 66560K, 0% used [0x00000000eab00000,0x00000000eab00000,0x00000000eec00000)
  from space 5120K, 99% used [0x00000000ef100000,0x00000000ef5fcd40,0x00000000ef600000)
  to   space 5120K, 0% used [0x00000000eec00000,0x00000000eec00000,0x00000000ef100000)
 ParOldGen       total 87552K, used 4592K [0x00000000c0000000, 0x00000000c5580000, 0x00000000eab00000)
  object space 87552K, 5% used [0x00000000c0000000,0x00000000c047c0a0,0x00000000c5580000)
 Metaspace       used 6128K, capacity 7096K, committed 7296K, reserved 1056768K
  class space    used 610K, capacity 624K, committed 640K, reserved 1048576K
}
Event: 19.683 GC heap before
{Heap before GC invocations=3 (full 0):
 PSYoungGen      total 71680K, used 71667K [0x00000000eab00000, 0x00000000ef600000, 0x0000000100000000)
  eden space 66560K, 100% used [0x00000000eab00000,0x00000000eec00000,0x00000000eec00000)
  from space 5120K, 99% used [0x00000000ef100000,0x00000000ef5fcd40,0x00000000ef600000)
  to   space 5120K, 0% used [0x00000000eec00000,0x00000000eec00000,0x00000000ef100000)
 ParOldGen       total 87552K, used 4592K [0x00000000c0000000, 0x00000000c5580000, 0x00000000eab00000)
  object space 87552K, 5% used [0x00000000c0000000,0x00000000c047c0a0,0x00000000c5580000)
 Metaspace       used 6202K, capacity 7160K, committed 7296K, reserved 1056768K
  class space    used 611K, capacity 624K, committed 640K, reserved 1048576K
Event: 19.881 GC heap after
Heap after GC invocations=3 (full 0):
 PSYoungGen      total 71680K, used 5108K [0x00000000eab00000, 0x00000000f3700000, 0x0000000100000000)
  eden space 66560K, 0% used [0x00000000eab00000,0x00000000eab00000,0x00000000eec00000)
  from space 5120K, 99% used [0x00000000eec00000,0x00000000ef0fd280,0x00000000ef100000)
  to   space 5120K, 0% used [0x00000000f3200000,0x00000000f3200000,0x00000000f3700000)
 ParOldGen       total 87552K, used 14177K [0x00000000c0000000, 0x00000000c5580000, 0x00000000eab00000)
  object space 87552K, 16% used [0x00000000c0000000,0x00000000c0dd8400,0x00000000c5580000)
 Metaspace       used 6202K, capacity 7160K, committed 7296K, reserved 1056768K
  class space    used 611K, capacity 624K, committed 640K, reserved 1048576K
}

Deoptimization events (10 events):
Event: 21.103 Thread 0x0000000056b26000 Uncommon trap: reason=bimorphic action=maybe_recompile pc=0x0000000002d62b00 method=com.android.dx.cf.code.BytecodeArray.parseInstruction(ILcom/android/dx/cf/code/BytecodeArray$Visitor;)I @ 2135
Event: 21.103 Thread 0x0000000056b26000 Uncommon trap: reason=bimorphic action=maybe_recompile pc=0x0000000002d62b00 method=com.android.dx.cf.code.BytecodeArray.parseInstruction(ILcom/android/dx/cf/code/BytecodeArray$Visitor;)I @ 2135
Event: 21.632 Thread 0x0000000056b26000 Uncommon trap: reason=class_check action=maybe_recompile pc=0x0000000002d40b6c method=com.android.dx.ssa.SCCP.replaceConstants()V @ 127
Event: 22.328 Thread 0x0000000056b26000 Uncommon trap: reason=class_check action=maybe_recompile pc=0x0000000002d40b6c method=com.android.dx.ssa.SCCP.replaceConstants()V @ 127
Event: 22.714 Thread 0x000000000019e000 Uncommon trap: reason=class_check action=maybe_recompile pc=0x00000000029b0488 method=java.util.Arrays.hashCode([Ljava/lang/Object;)I @ 43
Event: 22.714 Thread 0x000000000019e000 Uncommon trap: reason=class_check action=maybe_recompile pc=0x00000000029b0488 method=java.util.Arrays.hashCode([Ljava/lang/Object;)I @ 43
Event: 22.715 Thread 0x000000000019e000 Uncommon trap: reason=class_check action=maybe_recompile pc=0x00000000029b0488 method=java.util.Arrays.hashCode([Ljava/lang/Object;)I @ 43
Event: 22.715 Thread 0x000000000019e000 Uncommon trap: reason=class_check action=maybe_recompile pc=0x00000000029b0488 method=java.util.Arrays.hashCode([Ljava/lang/Object;)I @ 43
Event: 22.715 Thread 0x000000000019e000 Uncommon trap: reason=class_check action=maybe_recompile pc=0x000000000299ecb8 method=java.util.Arrays.hashCode([Ljava/lang/Object;)I @ 43
Event: 22.800 Thread 0x000000000019e000 Uncommon trap: reason=unstable_if action=reinterpret pc=0x0000000002dc74bc method=com.android.dx.dex.code.OutputFinisher.addConstants(Ljava/util/HashSet;Lcom/android/dx/rop/code/RegisterSpec;)V @ 57

Internal exceptions (6 events):
Event: 1.609 Thread 0x000000000019e000 Exception <a 'java/lang/NoSuchMethodError': Method sun.misc.Unsafe.defineClass(Ljava/lang/String;[BII)Ljava/lang/Class; name or signature does not match> (0x00000000eab0d5f8) thrown at [C:\workspace\8-2-build-windows-amd64-cygwin\jdk8u65\4987\hotspot\src\s
¾heËÀù?
Event: 1.610 Thread 0x000000000019e000 Exception <a 'java/lang/NoSuchMethodError': Method sun.misc.Unsafe.prefetchRead(Ljava/lang/Object;J)V name or signature does not match> (0x00000000eab0d8e0) thrown at [C:\workspace\8-2-build-windows-amd64-cygwin\jdk8u65\4987\hotspot\src\share\vm\prims\jni.ù¦œSº|$@
Event: 10.244 Thread 0x0000000056b26000 Exception <a 'java/lang/ArrayIndexOutOfBoundsException': 18> (0x00000000eb5be778) thrown at [C:\workspace\8-2-build-windows-amd64-cygwin\jdk8u65\4987\hotspot\src\share\vm\interpreter\interpreterRuntime.cpp, line 366]
Event: 10.244 Thread 0x0000000056b26000 Exception <a 'java/lang/ArrayIndexOutOfBoundsException'> (0x00000000eb5c02f8) thrown at [C:\workspace\8-2-build-windows-amd64-cygwin\jdk8u65\4987\hotspot\src\share\vm\runtime\sharedRuntime.cpp, line 605]
Event: 10.245 Thread 0x0000000056b26000 Exception <a 'java/lang/ArrayIndexOutOfBoundsException'> (0x00000000eb5c15e0) thrown at [C:\workspace\8-2-build-windows-amd64-cygwin\jdk8u65\4987\hotspot\src\share\vm\runtime\sharedRuntime.cpp, line 605]
Event: 12.747 Thread 0x0000000056b26000 Implicit null exception at 0x000000000276241f to 0x0000000002763b41

Events (10 events):
Event: 22.715 Thread 0x000000000019e000 Uncommon trap: trap_request=0xffffffde fr.pc=0x000000000299ecb8
Event: 22.715 Thread 0x000000000019e000 DEOPT PACKING pc=0x000000000299ecb8 sp=0x00000000021ceea0
Event: 22.715 Thread 0x000000000019e000 DEOPT UNPACKING pc=0x00000000024e582a sp=0x00000000021cee28 mode 2
Event: 22.750 loading class com/android/dx/dex/file/CatchStructs
Event: 22.750 loading class com/android/dx/dex/file/CatchStructs done
Event: 22.800 Thread 0x000000000019e000 Uncommon trap: trap_request=0xffffff65 fr.pc=0x0000000002dc74bc
Event: 22.800 Thread 0x000000000019e000 DEOPT PACKING pc=0x0000000002dc74bc sp=0x00000000021ceef0
Event: 22.800 Thread 0x000000000019e000 DEOPT UNPACKING pc=0x00000000024e582a sp=0x00000000021ceeb8 mode 2
Event: 22.826 loading class com/android/dx/dex/file/ProtoIdItem
Event: 22.826 loading class com/android/dx/dex/file/ProtoIdItem done


Dynamic libraries:
0x000000013fec0000 - 0x000000013fef7000 	C:\Program Files\Java\jdk1.8.0_65\bin\java.exe
0x0000000077660000 - 0x000000007780a000 	C:\windows\SYSTEM32\ntdll.dll
0x0000000077440000 - 0x000000007755f000 	C:\windows\system32\kernel32.dll
0x000007fefd4a0000 - 0x000007fefd50a000 	C:\windows\system32\KERNELBASE.dll
0x000007fefe4a0000 - 0x000007fefe57b000 	C:\windows\system32\ADVAPI32.dll
0x000007fefe3d0000 - 0x000007fefe46f000 	C:\windows\system32\msvcrt.dll
0x000007fefe3b0000 - 0x000007fefe3cf000 	C:\windows\SYSTEM32\sechost.dll
0x000007fefdae0000 - 0x000007fefdc0d000 	C:\windows\system32\RPCRT4.dll
0x0000000077560000 - 0x000000007765a000 	C:\windows\system32\USER32.dll
0x000007fefe700000 - 0x000007fefe767000 	C:\windows\system32\GDI32.dll
0x000007fefd7a0000 - 0x000007fefd7ae000 	C:\windows\system32\LPK.dll
0x000007fefd7b0000 - 0x000007fefd87a000 	C:\windows\system32\USP10.dll
0x000007fefb580000 - 0x000007fefb774000 	C:\windows\WinSxS\amd64_microsoft.windows.common-controls_6595b64144ccf1df_6.0.7601.18837_none_fa3b1e3d17594757\COMCTL32.dll
0x000007fefe580000 - 0x000007fefe5f1000 	C:\windows\system32\SHLWAPI.dll
0x000007fefe470000 - 0x000007fefe49e000 	C:\windows\system32\IMM32.DLL
0x000007fefe2a0000 - 0x000007fefe3a9000 	C:\windows\system32\MSCTF.dll
0x000000005d1d0000 - 0x000000005d2a2000 	C:\Program Files\Java\jdk1.8.0_65\jre\bin\msvcr100.dll
0x000000006f8d0000 - 0x0000000070159000 	C:\Program Files\Java\jdk1.8.0_65\jre\bin\server\jvm.dll
0x000007fef9770000 - 0x000007fef9779000 	C:\windows\system32\WSOCK32.dll
0x000007fefd750000 - 0x000007fefd79d000 	C:\windows\system32\WS2_32.dll
0x000007fefdc10000 - 0x000007fefdc18000 	C:\windows\system32\NSI.dll
0x000007fefab80000 - 0x000007fefabbb000 	C:\windows\system32\WINMM.dll
0x000007fefbd40000 - 0x000007fefbd4c000 	C:\windows\system32\VERSION.dll
0x0000000077830000 - 0x0000000077837000 	C:\windows\system32\PSAPI.DLL
0x0000000073ed0000 - 0x0000000073edf000 	C:\Program Files\Java\jdk1.8.0_65\jre\bin\verify.dll
0x0000000000110000 - 0x0000000000139000 	C:\Program Files\Java\jdk1.8.0_65\jre\bin\java.dll
0x00000000714f0000 - 0x0000000071506000 	C:\Program Files\Java\jdk1.8.0_65\jre\bin\zip.dll
0x000007fefe770000 - 0x000007feff4fa000 	C:\windows\system32\SHELL32.dll
0x000007fefdcc0000 - 0x000007fefdec3000 	C:\windows\system32\ole32.dll
0x000007fefd3a0000 - 0x000007fefd3af000 	C:\windows\system32\profapi.dll

VM Arguments:
jvm_args: -Djava.awt.headless=true -Xmx1024M -Dfile.encoding=windows-1252 -Duser.country=US -Duser.language=en -Duser.variant 
java_command: com.android.dx.command.Main --dex --num-threads=4 --output C:\Users\chad.yeo\Desktop\HabitTracking\app\build\intermediates\pre-dexed\debug\com.android.support-support-core-ui-25.1.1_620f7bae279e2e0f4a9d095e972eacd0188c2fb0.jar C:\Users\chad.yeo\Desktop\HabitTracking\app\build\intermediates\exploded-aar\com.android.support\support-core-ui\25.1.1\jars\classes.jar
java_class_path (initial): C:\Users\chad.yeo\AppData\Local\Android\sdk\build-tools\24.0.2\lib\dx.jar
Launcher Type: SUN_STANDARD

Environment Variables:
PATH=C:\ProgramData\Oracle\Java\javapath;C:\Program Files\Common Files\Microsoft Shared\Windows Live;C:\Program Files (x86)\Common Files\Microsoft Shared\Windows Live;C:\windows\system32;C:\windows;C:\windows\System32\Wbem;C:\windows\System32\WindowsPowerShell\v1.0\;C:\Program Files (x86)\QuickTime\QTSystem\;C:\Program Files\nodejs\;C:\Program Files (x86)\Windows Live\Shared;C:\HashiCorp\Vagrant\bin;C:\Users\chad.yeo\AppData\Local\Programs\Git\cmd;C:\Users\chad.yeo\AppData\Local\Programs\Git\mingw64\bin;C:\Users\chad.yeo\AppData\Local\Programs\Git\usr\bin;C:\Program Files (x86)\Skype\Phone\;C:\sqlite
USERNAME=chad.yeo
OS=Windows_NT
PROCESSOR_IDENTIFIER=Intel64 Family 6 Model 69 Stepping 1, GenuineIntel



---------------  S Y S T E M  ---------------

OS: Windows 7 , 64 bit Build 7601 (6.1.7601.23572)

CPU:total 4 (2 cores per cpu, 2 threads per core) family 6 model 69 stepping 1, cmov, cx8, fxsr, mmx, sse, sse2, sse3, ssse3, sse4.1, sse4.2, popcnt, avx, avx2, aes, clmul, erms, lzcnt, ht, tsc, tscinvbit, bmi1, bmi2

Memory: 4k page, physical 8301464k(94892k free), swap 12493908k(5332k free)

vm_info: Java HotSpot(TM) 64-Bit Server VM (25.65-b01) for windows-amd64 JRE (1.8.0_65-b17), built on Oct  6 2015 16:39:20 by "java_re" with MS VC++ 10.0 (VS2010)

time: Thu Feb 23 11:31:09 2017
elapsed time: 22 seconds (0d 0h 0m 22s)

